build/intermediates/manifest_merge_blame_file/debug/manifest-merger-blame-debug-report.txt
1<?xml version="1.0" encoding="utf-8"?>
2<manifest xmlns:android="http://schemas.android.com/apk/res/android"
3    package="com.example.unitconvert"
4    android:versionCode="1"
5    android:versionName="1.0" >
6
7    <uses-sdk
8        android:minSdkVersion="16"
8-->src/main/AndroidManifest.xml
9        android:targetSdkVersion="33" />
9-->src/main/AndroidManifest.xml
10
11    <uses-permission android:name="android.permission.READ_EXTERNAL_STORAGE" />
11-->src/main/AndroidManifest.xml:5:5-80
11-->src/main/AndroidManifest.xml:5:22-77
12    <uses-permission android:name="android.permission.WRITE_EXTERNAL_STORAGE" />
12-->src/main/AndroidManifest.xml:6:5-81
12-->src/main/AndroidManifest.xml:6:22-78
13
14    <application
14-->src/main/AndroidManifest.xml:8:5-71:19
15        android:allowBackup="true"
15-->src/main/AndroidManifest.xml:9:9-35
16        android:appComponentFactory="androidx.core.app.CoreComponentFactory"
16-->[androidx.core:core:1.3.1] AndroidManifest.xml:24:18-86
17        android:dataExtractionRules="@xml/data_extraction_rules"
17-->src/main/AndroidManifest.xml:10:9-65
18        android:debuggable="true"
19        android:fullBackupContent="@xml/backup_rules"
19-->src/main/AndroidManifest.xml:11:9-54
20        android:icon="@drawable/ic_launcher"
20-->src/main/AndroidManifest.xml:12:9-45
21        android:label="ChangeIt"
21-->src/main/AndroidManifest.xml:13:9-33
22        android:roundIcon="@drawable/ic_launcher"
22-->src/main/AndroidManifest.xml:14:9-50
23        android:supportsRtl="true"
23-->src/main/AndroidManifest.xml:15:9-35
24        android:theme="@style/Theme.UnitConvert" >
24-->src/main/AndroidManifest.xml:16:9-49
25        <activity
25-->src/main/AndroidManifest.xml:18:9-21:40
26            android:name="com.example.unitconvert.Credits"
26-->src/main/AndroidManifest.xml:20:13-36
27            android:exported="false"
27-->src/main/AndroidManifest.xml:21:13-37
28            android:screenOrientation="portrait" />
28-->src/main/AndroidManifest.xml:19:13-49
29        <activity
29-->src/main/AndroidManifest.xml:22:9-25:40
30            android:name="com.example.unitconvert.Tutorial"
30-->src/main/AndroidManifest.xml:24:13-37
31            android:exported="false"
31-->src/main/AndroidManifest.xml:25:13-37
32            android:screenOrientation="portrait" />
32-->src/main/AndroidManifest.xml:23:13-49
33        <activity
33-->src/main/AndroidManifest.xml:26:9-29:40
34            android:name="com.example.unitconvert.IMCLOSE"
34-->src/main/AndroidManifest.xml:28:13-36
35            android:exported="false"
35-->src/main/AndroidManifest.xml:29:13-37
36            android:screenOrientation="portrait" />
36-->src/main/AndroidManifest.xml:27:13-49
37        <activity
37-->src/main/AndroidManifest.xml:30:9-33:40
38            android:name="com.example.unitconvert.BoundExt"
38-->src/main/AndroidManifest.xml:32:13-37
39            android:exported="false"
39-->src/main/AndroidManifest.xml:33:13-37
40            android:screenOrientation="portrait" />
40-->src/main/AndroidManifest.xml:31:13-49
41        <activity
41-->src/main/AndroidManifest.xml:34:9-37:40
42            android:name="com.example.unitconvert.IMOPEN"
42-->src/main/AndroidManifest.xml:36:13-35
43            android:exported="false"
43-->src/main/AndroidManifest.xml:37:13-37
44            android:screenOrientation="portrait" />
44-->src/main/AndroidManifest.xml:35:13-49
45        <activity
45-->src/main/AndroidManifest.xml:38:9-41:40
46            android:name="com.example.unitconvert.Morphological"
46-->src/main/AndroidManifest.xml:40:13-42
47            android:exported="false"
47-->src/main/AndroidManifest.xml:41:13-37
48            android:screenOrientation="portrait" />
48-->src/main/AndroidManifest.xml:39:13-49
49        <activity
49-->src/main/AndroidManifest.xml:42:9-45:40
50            android:name="com.example.unitconvert.Erosion"
50-->src/main/AndroidManifest.xml:44:13-36
51            android:exported="false"
51-->src/main/AndroidManifest.xml:45:13-37
52            android:screenOrientation="portrait" />
52-->src/main/AndroidManifest.xml:43:13-49
53        <activity
53-->src/main/AndroidManifest.xml:46:9-49:39
54            android:name="com.example.unitconvert.Dilation"
54-->src/main/AndroidManifest.xml:48:13-37
55            android:exported="true"
55-->src/main/AndroidManifest.xml:49:13-36
56            android:screenOrientation="portrait" />
56-->src/main/AndroidManifest.xml:47:13-49
57        <activity
57-->src/main/AndroidManifest.xml:50:9-53:39
58            android:name="com.example.unitconvert.Binarise"
58-->src/main/AndroidManifest.xml:52:13-37
59            android:exported="true"
59-->src/main/AndroidManifest.xml:53:13-36
60            android:screenOrientation="portrait" />
60-->src/main/AndroidManifest.xml:51:13-49
61        <activity
61-->src/main/AndroidManifest.xml:54:9-62:20
62            android:name="com.example.unitconvert.MainActivity2"
62-->src/main/AndroidManifest.xml:56:13-42
63            android:exported="true"
63-->src/main/AndroidManifest.xml:57:13-36
64            android:screenOrientation="portrait" >
64-->src/main/AndroidManifest.xml:55:13-49
65            <intent-filter>
65-->src/main/AndroidManifest.xml:58:13-61:29
66                <action android:name="android.intent.action.MAIN" />
66-->src/main/AndroidManifest.xml:59:17-69
66-->src/main/AndroidManifest.xml:59:25-66
67
68                <category android:name="android.intent.category.LAUNCHER" />
68-->src/main/AndroidManifest.xml:60:17-77
68-->src/main/AndroidManifest.xml:60:27-74
69            </intent-filter>
70        </activity>
71        <activity
71-->src/main/AndroidManifest.xml:63:9-70:20
72            android:name="com.example.unitconvert.MainActivity"
72-->src/main/AndroidManifest.xml:65:13-41
73            android:exported="true"
73-->src/main/AndroidManifest.xml:66:13-36
74            android:screenOrientation="portrait" >
74-->src/main/AndroidManifest.xml:64:13-49
75            <meta-data
75-->src/main/AndroidManifest.xml:67:13-69:36
76                android:name="android.app.lib_name"
76-->src/main/AndroidManifest.xml:68:17-52
77                android:value="" />
77-->src/main/AndroidManifest.xml:69:17-33
78        </activity>
79    </application>
80
81</manifest>